[2022-07-13 15:30:08,674] {taskinstance.py:1179} INFO - Dependencies all met for <TaskInstance: project_dag_v3.get_data_from_url manual__2022-07-13T15:30:07.645157+00:00 [queued]>
[2022-07-13 15:30:08,692] {taskinstance.py:1179} INFO - Dependencies all met for <TaskInstance: project_dag_v3.get_data_from_url manual__2022-07-13T15:30:07.645157+00:00 [queued]>
[2022-07-13 15:30:08,693] {taskinstance.py:1376} INFO - 
--------------------------------------------------------------------------------
[2022-07-13 15:30:08,694] {taskinstance.py:1377} INFO - Starting attempt 1 of 6
[2022-07-13 15:30:08,694] {taskinstance.py:1378} INFO - 
--------------------------------------------------------------------------------
[2022-07-13 15:30:08,712] {taskinstance.py:1397} INFO - Executing <Task(PythonOperator): get_data_from_url> on 2022-07-13 15:30:07.645157+00:00
[2022-07-13 15:30:08,717] {standard_task_runner.py:52} INFO - Started process 3400 to run task
[2022-07-13 15:30:08,723] {standard_task_runner.py:79} INFO - Running: ['***', 'tasks', 'run', 'project_dag_v3', 'get_data_from_url', 'manual__2022-07-13T15:30:07.645157+00:00', '--job-id', '78', '--raw', '--subdir', 'DAGS_FOLDER/project_dag.py', '--cfg-path', '/tmp/tmpouq0dm02', '--error-file', '/tmp/tmp5xqf1rdt']
[2022-07-13 15:30:08,726] {standard_task_runner.py:80} INFO - Job 78: Subtask get_data_from_url
[2022-07-13 15:30:08,806] {task_command.py:371} INFO - Running <TaskInstance: project_dag_v3.get_data_from_url manual__2022-07-13T15:30:07.645157+00:00 [running]> on host 3bcedaf5b66b
[2022-07-13 15:30:08,892] {taskinstance.py:1591} INFO - Exporting the following env vars:
AIRFLOW_CTX_DAG_OWNER=harshab
AIRFLOW_CTX_DAG_ID=project_dag_v3
AIRFLOW_CTX_TASK_ID=get_data_from_url
AIRFLOW_CTX_EXECUTION_DATE=2022-07-13T15:30:07.645157+00:00
AIRFLOW_CTX_TRY_NUMBER=1
AIRFLOW_CTX_DAG_RUN_ID=manual__2022-07-13T15:30:07.645157+00:00
[2022-07-13 15:30:10,977] {logging_mixin.py:115} INFO -          Date      Open      High       Low     Close   Volume
0  2022-07-12  140.8400  141.5500  138.5650  139.1800  3235571
1  2022-07-11  140.6200  141.8700  140.1300  141.0000  3912773
2  2022-07-08  140.7600  141.3203  139.8200  140.4700  2820928
3  2022-07-07  138.9100  141.3250  138.8300  140.8300  3897077
4  2022-07-06  138.0000  139.1400  137.1300  138.0800  3237059
[2022-07-13 15:30:10,999] {python.py:173} INFO - Done. Returned value was: None
[2022-07-13 15:30:11,015] {taskinstance.py:1420} INFO - Marking task as SUCCESS. dag_id=project_dag_v3, task_id=get_data_from_url, execution_date=20220713T153007, start_date=20220713T153008, end_date=20220713T153011
[2022-07-13 15:30:11,075] {local_task_job.py:156} INFO - Task exited with return code 0
[2022-07-13 15:30:11,131] {local_task_job.py:273} INFO - 1 downstream tasks scheduled from follow-on schedule check
