[2022-07-13 14:40:29,088] {manager.py:480} INFO - Processing files using up to 2 processes at a time 
[2022-07-13 14:40:29,089] {manager.py:481} INFO - Process each file at most once every 30 seconds
[2022-07-13 14:40:29,092] {manager.py:483} INFO - Checking for new files in /opt/airflow/dags every 300 seconds
[2022-07-13 14:40:29,095] {manager.py:690} INFO - Searching for files in /opt/airflow/dags
[2022-07-13 14:40:29,098] {manager.py:693} INFO - There are 0 files in /opt/airflow/dags
[2022-07-13 14:45:29,252] {manager.py:690} INFO - Searching for files in /opt/airflow/dags
[2022-07-13 14:45:29,262] {manager.py:693} INFO - There are 1 files in /opt/airflow/dags
[2022-07-13 14:45:30,303] {manager.py:809} INFO - 
================================================================================
DAG File Processing Stats

File Path                         PID    Runtime      # DAGs    # Errors  Last Runtime    Last Run
--------------------------------  -----  ---------  --------  ----------  --------------  -------------------
/opt/airflow/dags/project_dag.py                           0           0  0.09s           2022-07-13T14:45:29
================================================================================
[2022-07-13 14:46:00,686] {manager.py:809} INFO - 
================================================================================
DAG File Processing Stats

File Path                         PID    Runtime      # DAGs    # Errors  Last Runtime    Last Run
--------------------------------  -----  ---------  --------  ----------  --------------  -------------------
/opt/airflow/dags/project_dag.py                           0           0  0.18s           2022-07-13T14:45:56
================================================================================
[2022-07-13 14:46:31,015] {manager.py:809} INFO - 
================================================================================
DAG File Processing Stats

File Path                         PID    Runtime      # DAGs    # Errors  Last Runtime    Last Run
--------------------------------  -----  ---------  --------  ----------  --------------  -------------------
/opt/airflow/dags/project_dag.py                           0           1  0.08s           2022-07-13T14:46:30
================================================================================
[2022-07-13 14:47:01,483] {manager.py:809} INFO - 
================================================================================
DAG File Processing Stats

File Path                           PID  Runtime      # DAGs    # Errors  Last Runtime    Last Run
--------------------------------  -----  ---------  --------  ----------  --------------  -------------------
/opt/airflow/dags/project_dag.py    581  0.01s             0           1  0.09s           2022-07-13T14:46:58
================================================================================
[2022-07-13 14:47:31,697] {manager.py:809} INFO - 
================================================================================
DAG File Processing Stats

File Path                         PID    Runtime      # DAGs    # Errors  Last Runtime    Last Run
--------------------------------  -----  ---------  --------  ----------  --------------  -------------------
/opt/airflow/dags/project_dag.py                           1           0  1.08s           2022-07-13T14:47:24
================================================================================
[2022-07-13 14:48:01,723] {manager.py:809} INFO - 
================================================================================
DAG File Processing Stats

File Path                         PID    Runtime      # DAGs    # Errors  Last Runtime    Last Run
--------------------------------  -----  ---------  --------  ----------  --------------  -------------------
/opt/airflow/dags/project_dag.py                           0           1  0.45s           2022-07-13T14:47:59
================================================================================
[2022-07-13 14:48:31,838] {manager.py:809} INFO - 
================================================================================
DAG File Processing Stats

File Path                         PID    Runtime      # DAGs    # Errors  Last Runtime    Last Run
--------------------------------  -----  ---------  --------  ----------  --------------  -------------------
/opt/airflow/dags/project_dag.py                           0           1  0.46s           2022-07-13T14:48:26
================================================================================
[2022-07-13 14:49:02,351] {manager.py:809} INFO - 
================================================================================
DAG File Processing Stats

File Path                         PID    Runtime      # DAGs    # Errors  Last Runtime    Last Run
--------------------------------  -----  ---------  --------  ----------  --------------  -------------------
/opt/airflow/dags/project_dag.py                           1           0  0.47s           2022-07-13T14:48:42
================================================================================
[2022-07-13 14:49:32,404] {manager.py:809} INFO - 
================================================================================
DAG File Processing Stats

File Path                         PID    Runtime      # DAGs    # Errors  Last Runtime    Last Run
--------------------------------  -----  ---------  --------  ----------  --------------  -------------------
/opt/airflow/dags/project_dag.py                           1           0  0.53s           2022-07-13T14:49:13
================================================================================
[2022-07-13 14:50:02,509] {manager.py:809} INFO - 
================================================================================
DAG File Processing Stats

File Path                         PID    Runtime      # DAGs    # Errors  Last Runtime    Last Run
--------------------------------  -----  ---------  --------  ----------  --------------  -------------------
/opt/airflow/dags/project_dag.py                           1           0  0.46s           2022-07-13T14:49:38
================================================================================
[2022-07-13 14:50:29,596] {manager.py:690} INFO - Searching for files in /opt/airflow/dags
[2022-07-13 14:50:29,606] {manager.py:693} INFO - There are 1 files in /opt/airflow/dags
[2022-07-13 14:50:32,631] {manager.py:809} INFO - 
================================================================================
DAG File Processing Stats

File Path                         PID    Runtime      # DAGs    # Errors  Last Runtime    Last Run
--------------------------------  -----  ---------  --------  ----------  --------------  -------------------
/opt/airflow/dags/project_dag.py                           1           0  0.58s           2022-07-13T14:50:09
================================================================================
[2022-07-13 14:51:02,753] {manager.py:809} INFO - 
================================================================================
DAG File Processing Stats

File Path                         PID    Runtime      # DAGs    # Errors  Last Runtime    Last Run
--------------------------------  -----  ---------  --------  ----------  --------------  -------------------
/opt/airflow/dags/project_dag.py                           1           0  0.50s           2022-07-13T14:50:40
================================================================================
[2022-07-13 14:51:32,778] {manager.py:809} INFO - 
================================================================================
DAG File Processing Stats

File Path                         PID    Runtime      # DAGs    # Errors  Last Runtime    Last Run
--------------------------------  -----  ---------  --------  ----------  --------------  -------------------
/opt/airflow/dags/project_dag.py                           1           0  0.45s           2022-07-13T14:51:10
================================================================================
[2022-07-13 14:52:03,473] {manager.py:809} INFO - 
================================================================================
DAG File Processing Stats

File Path                         PID    Runtime      # DAGs    # Errors  Last Runtime    Last Run
--------------------------------  -----  ---------  --------  ----------  --------------  -------------------
/opt/airflow/dags/project_dag.py                           1           0  0.66s           2022-07-13T14:51:41
================================================================================
[2022-07-13 14:52:33,640] {manager.py:809} INFO - 
================================================================================
DAG File Processing Stats

File Path                         PID    Runtime      # DAGs    # Errors  Last Runtime    Last Run
--------------------------------  -----  ---------  --------  ----------  --------------  -------------------
/opt/airflow/dags/project_dag.py                           1           0  0.52s           2022-07-13T14:52:12
================================================================================
[2022-07-13 14:53:03,655] {manager.py:809} INFO - 
================================================================================
DAG File Processing Stats

File Path                         PID    Runtime      # DAGs    # Errors  Last Runtime    Last Run
--------------------------------  -----  ---------  --------  ----------  --------------  -------------------
/opt/airflow/dags/project_dag.py                           1           0  0.44s           2022-07-13T14:52:42
================================================================================
[2022-07-13 14:53:33,781] {manager.py:809} INFO - 
================================================================================
DAG File Processing Stats

File Path                         PID    Runtime      # DAGs    # Errors  Last Runtime    Last Run
--------------------------------  -----  ---------  --------  ----------  --------------  -------------------
/opt/airflow/dags/project_dag.py                           1           0  0.49s           2022-07-13T14:53:13
================================================================================
[2022-07-13 14:54:03,848] {manager.py:809} INFO - 
================================================================================
DAG File Processing Stats

File Path                         PID    Runtime      # DAGs    # Errors  Last Runtime    Last Run
--------------------------------  -----  ---------  --------  ----------  --------------  -------------------
/opt/airflow/dags/project_dag.py                           1           0  0.55s           2022-07-13T14:53:43
================================================================================
[2022-07-13 14:54:33,938] {manager.py:809} INFO - 
================================================================================
DAG File Processing Stats

File Path                         PID    Runtime      # DAGs    # Errors  Last Runtime    Last Run
--------------------------------  -----  ---------  --------  ----------  --------------  -------------------
/opt/airflow/dags/project_dag.py                           1           0  0.48s           2022-07-13T14:54:14
================================================================================
[2022-07-13 14:55:04,011] {manager.py:809} INFO - 
================================================================================
DAG File Processing Stats

File Path                         PID    Runtime      # DAGs    # Errors  Last Runtime    Last Run
--------------------------------  -----  ---------  --------  ----------  --------------  -------------------
/opt/airflow/dags/project_dag.py                           1           0  0.51s           2022-07-13T14:54:44
================================================================================
[2022-07-13 14:55:30,094] {manager.py:690} INFO - Searching for files in /opt/airflow/dags
[2022-07-13 14:55:30,109] {manager.py:693} INFO - There are 1 files in /opt/airflow/dags
[2022-07-13 14:55:34,132] {manager.py:809} INFO - 
================================================================================
DAG File Processing Stats

File Path                         PID    Runtime      # DAGs    # Errors  Last Runtime    Last Run
--------------------------------  -----  ---------  --------  ----------  --------------  -------------------
/opt/airflow/dags/project_dag.py                           1           0  0.43s           2022-07-13T14:55:15
================================================================================
[2022-07-13 14:56:04,122] {manager.py:809} INFO - 
================================================================================
DAG File Processing Stats

File Path                         PID    Runtime      # DAGs    # Errors  Last Runtime    Last Run
--------------------------------  -----  ---------  --------  ----------  --------------  -------------------
/opt/airflow/dags/project_dag.py                           1           0  0.51s           2022-07-13T14:55:46
================================================================================
[2022-07-13 14:56:34,227] {manager.py:809} INFO - 
================================================================================
DAG File Processing Stats

File Path                         PID    Runtime      # DAGs    # Errors  Last Runtime    Last Run
--------------------------------  -----  ---------  --------  ----------  --------------  -------------------
/opt/airflow/dags/project_dag.py                           1           0  0.50s           2022-07-13T14:56:16
================================================================================
[2022-07-13 14:57:04,305] {manager.py:809} INFO - 
================================================================================
DAG File Processing Stats

File Path                         PID    Runtime      # DAGs    # Errors  Last Runtime    Last Run
--------------------------------  -----  ---------  --------  ----------  --------------  -------------------
/opt/airflow/dags/project_dag.py                           1           0  0.46s           2022-07-13T14:56:47
================================================================================
[2022-07-13 14:57:34,407] {manager.py:809} INFO - 
================================================================================
DAG File Processing Stats

File Path                         PID    Runtime      # DAGs    # Errors  Last Runtime    Last Run
--------------------------------  -----  ---------  --------  ----------  --------------  -------------------
/opt/airflow/dags/project_dag.py                           1           0  0.49s           2022-07-13T14:57:17
================================================================================
[2022-07-13 14:58:04,435] {manager.py:809} INFO - 
================================================================================
DAG File Processing Stats

File Path                         PID    Runtime      # DAGs    # Errors  Last Runtime    Last Run
--------------------------------  -----  ---------  --------  ----------  --------------  -------------------
/opt/airflow/dags/project_dag.py                           1           0  0.44s           2022-07-13T14:57:48
================================================================================
[2022-07-13 14:58:34,530] {manager.py:809} INFO - 
================================================================================
DAG File Processing Stats

File Path                         PID    Runtime      # DAGs    # Errors  Last Runtime    Last Run
--------------------------------  -----  ---------  --------  ----------  --------------  -------------------
/opt/airflow/dags/project_dag.py                           1           0  0.45s           2022-07-13T14:58:18
================================================================================
[2022-07-13 14:59:04,608] {manager.py:809} INFO - 
================================================================================
DAG File Processing Stats

File Path                         PID    Runtime      # DAGs    # Errors  Last Runtime    Last Run
--------------------------------  -----  ---------  --------  ----------  --------------  -------------------
/opt/airflow/dags/project_dag.py                           1           0  0.56s           2022-07-13T14:58:49
================================================================================
[2022-07-13 14:59:35,159] {manager.py:809} INFO - 
================================================================================
DAG File Processing Stats

File Path                         PID    Runtime      # DAGs    # Errors  Last Runtime    Last Run
--------------------------------  -----  ---------  --------  ----------  --------------  -------------------
/opt/airflow/dags/project_dag.py                           1           0  0.46s           2022-07-13T14:59:20
================================================================================
[2022-07-13 15:00:05,300] {manager.py:809} INFO - 
================================================================================
DAG File Processing Stats

File Path                         PID    Runtime      # DAGs    # Errors  Last Runtime    Last Run
--------------------------------  -----  ---------  --------  ----------  --------------  -------------------
/opt/airflow/dags/project_dag.py                           1           0  0.51s           2022-07-13T14:59:50
================================================================================
[2022-07-13 15:00:30,387] {manager.py:690} INFO - Searching for files in /opt/airflow/dags
[2022-07-13 15:00:30,409] {manager.py:693} INFO - There are 1 files in /opt/airflow/dags
[2022-07-13 15:00:35,448] {manager.py:809} INFO - 
================================================================================
DAG File Processing Stats

File Path                         PID    Runtime      # DAGs    # Errors  Last Runtime    Last Run
--------------------------------  -----  ---------  --------  ----------  --------------  -------------------
/opt/airflow/dags/project_dag.py                           1           0  0.55s           2022-07-13T15:00:21
================================================================================
[2022-07-13 15:01:05,572] {manager.py:809} INFO - 
================================================================================
DAG File Processing Stats

File Path                         PID    Runtime      # DAGs    # Errors  Last Runtime    Last Run
--------------------------------  -----  ---------  --------  ----------  --------------  -------------------
/opt/airflow/dags/project_dag.py                           1           0  0.50s           2022-07-13T15:00:51
================================================================================
[2022-07-13 15:01:35,652] {manager.py:809} INFO - 
================================================================================
DAG File Processing Stats

File Path                         PID    Runtime      # DAGs    # Errors  Last Runtime    Last Run
--------------------------------  -----  ---------  --------  ----------  --------------  -------------------
/opt/airflow/dags/project_dag.py                           1           0  0.50s           2022-07-13T15:01:22
================================================================================
[2022-07-13 15:02:06,233] {manager.py:809} INFO - 
================================================================================
DAG File Processing Stats

File Path                         PID    Runtime      # DAGs    # Errors  Last Runtime    Last Run
--------------------------------  -----  ---------  --------  ----------  --------------  -------------------
/opt/airflow/dags/project_dag.py                           1           0  0.50s           2022-07-13T15:01:53
================================================================================
[2022-07-13 15:02:36,344] {manager.py:809} INFO - 
================================================================================
DAG File Processing Stats

File Path                         PID    Runtime      # DAGs    # Errors  Last Runtime    Last Run
--------------------------------  -----  ---------  --------  ----------  --------------  -------------------
/opt/airflow/dags/project_dag.py                           1           0  0.52s           2022-07-13T15:02:23
================================================================================
[2022-07-13 15:03:06,442] {manager.py:809} INFO - 
================================================================================
DAG File Processing Stats

File Path                         PID    Runtime      # DAGs    # Errors  Last Runtime    Last Run
--------------------------------  -----  ---------  --------  ----------  --------------  -------------------
/opt/airflow/dags/project_dag.py                           1           0  0.50s           2022-07-13T15:02:54
================================================================================
[2022-07-13 15:03:36,546] {manager.py:809} INFO - 
================================================================================
DAG File Processing Stats

File Path                         PID    Runtime      # DAGs    # Errors  Last Runtime    Last Run
--------------------------------  -----  ---------  --------  ----------  --------------  -------------------
/opt/airflow/dags/project_dag.py                           1           0  0.47s           2022-07-13T15:03:24
================================================================================
[2022-07-13 15:04:06,593] {manager.py:809} INFO - 
================================================================================
DAG File Processing Stats

File Path                         PID    Runtime      # DAGs    # Errors  Last Runtime    Last Run
--------------------------------  -----  ---------  --------  ----------  --------------  -------------------
/opt/airflow/dags/project_dag.py                           1           0  0.48s           2022-07-13T15:03:55
================================================================================
[2022-07-13 15:04:36,715] {manager.py:809} INFO - 
================================================================================
DAG File Processing Stats

File Path                         PID    Runtime      # DAGs    # Errors  Last Runtime    Last Run
--------------------------------  -----  ---------  --------  ----------  --------------  -------------------
/opt/airflow/dags/project_dag.py                           1           0  0.49s           2022-07-13T15:04:26
================================================================================
[2022-07-13 15:05:06,833] {manager.py:809} INFO - 
================================================================================
DAG File Processing Stats

File Path                         PID    Runtime      # DAGs    # Errors  Last Runtime    Last Run
--------------------------------  -----  ---------  --------  ----------  --------------  -------------------
/opt/airflow/dags/project_dag.py                           1           0  0.59s           2022-07-13T15:04:56
================================================================================
[2022-07-13 15:05:30,919] {manager.py:690} INFO - Searching for files in /opt/airflow/dags
[2022-07-13 15:05:30,935] {manager.py:693} INFO - There are 1 files in /opt/airflow/dags
[2022-07-13 15:05:36,968] {manager.py:809} INFO - 
================================================================================
DAG File Processing Stats

File Path                         PID    Runtime      # DAGs    # Errors  Last Runtime    Last Run
--------------------------------  -----  ---------  --------  ----------  --------------  -------------------
/opt/airflow/dags/project_dag.py                           1           0  0.45s           2022-07-13T15:05:27
================================================================================
[2022-07-13 15:06:07,505] {manager.py:809} INFO - 
================================================================================
DAG File Processing Stats

File Path                         PID    Runtime      # DAGs    # Errors  Last Runtime    Last Run
--------------------------------  -----  ---------  --------  ----------  --------------  -------------------
/opt/airflow/dags/project_dag.py                           1           0  0.44s           2022-07-13T15:05:57
================================================================================
[2022-07-13 15:06:37,623] {manager.py:809} INFO - 
================================================================================
DAG File Processing Stats

File Path                         PID    Runtime      # DAGs    # Errors  Last Runtime    Last Run
--------------------------------  -----  ---------  --------  ----------  --------------  -------------------
/opt/airflow/dags/project_dag.py                           1           0  0.64s           2022-07-13T15:06:28
================================================================================
[2022-07-13 15:07:07,768] {manager.py:809} INFO - 
================================================================================
DAG File Processing Stats

File Path                         PID    Runtime      # DAGs    # Errors  Last Runtime    Last Run
--------------------------------  -----  ---------  --------  ----------  --------------  -------------------
/opt/airflow/dags/project_dag.py                           1           0  0.45s           2022-07-13T15:06:59
================================================================================
[2022-07-13 15:07:38,272] {manager.py:809} INFO - 
================================================================================
DAG File Processing Stats

File Path                         PID    Runtime      # DAGs    # Errors  Last Runtime    Last Run
--------------------------------  -----  ---------  --------  ----------  --------------  -------------------
/opt/airflow/dags/project_dag.py                           1           0  0.43s           2022-07-13T15:07:29
================================================================================
[2022-07-13 15:08:08,362] {manager.py:809} INFO - 
================================================================================
DAG File Processing Stats

File Path                         PID    Runtime      # DAGs    # Errors  Last Runtime    Last Run
--------------------------------  -----  ---------  --------  ----------  --------------  -------------------
/opt/airflow/dags/project_dag.py                           1           0  0.53s           2022-07-13T15:08:08
================================================================================
[2022-07-13 15:08:38,442] {manager.py:809} INFO - 
================================================================================
DAG File Processing Stats

File Path                         PID    Runtime      # DAGs    # Errors  Last Runtime    Last Run
--------------------------------  -----  ---------  --------  ----------  --------------  -------------------
/opt/airflow/dags/project_dag.py                           1           0  0.46s           2022-07-13T15:08:32
================================================================================
[2022-07-13 15:09:08,546] {manager.py:809} INFO - 
================================================================================
DAG File Processing Stats

File Path                         PID    Runtime      # DAGs    # Errors  Last Runtime    Last Run
--------------------------------  -----  ---------  --------  ----------  --------------  -------------------
/opt/airflow/dags/project_dag.py                           1           0  0.68s           2022-07-13T15:09:03
================================================================================
[2022-07-13 15:09:38,657] {manager.py:809} INFO - 
================================================================================
DAG File Processing Stats

File Path                         PID    Runtime      # DAGs    # Errors  Last Runtime    Last Run
--------------------------------  -----  ---------  --------  ----------  --------------  -------------------
/opt/airflow/dags/project_dag.py                           1           0  0.54s           2022-07-13T15:09:33
================================================================================
[2022-07-13 15:10:08,963] {manager.py:809} INFO - 
================================================================================
DAG File Processing Stats

File Path                         PID    Runtime      # DAGs    # Errors  Last Runtime    Last Run
--------------------------------  -----  ---------  --------  ----------  --------------  -------------------
/opt/airflow/dags/project_dag.py                           1           0  0.65s           2022-07-13T15:10:04
================================================================================
[2022-07-13 15:10:31,062] {manager.py:690} INFO - Searching for files in /opt/airflow/dags
[2022-07-13 15:10:31,088] {manager.py:693} INFO - There are 1 files in /opt/airflow/dags
[2022-07-13 15:10:39,153] {manager.py:809} INFO - 
================================================================================
DAG File Processing Stats

File Path                         PID    Runtime      # DAGs    # Errors  Last Runtime    Last Run
--------------------------------  -----  ---------  --------  ----------  --------------  -------------------
/opt/airflow/dags/project_dag.py                           1           0  0.49s           2022-07-13T15:10:35
================================================================================
[2022-07-13 15:11:09,278] {manager.py:809} INFO - 
================================================================================
DAG File Processing Stats

File Path                         PID    Runtime      # DAGs    # Errors  Last Runtime    Last Run
--------------------------------  -----  ---------  --------  ----------  --------------  -------------------
/opt/airflow/dags/project_dag.py                           1           0  0.52s           2022-07-13T15:11:05
================================================================================
[2022-07-13 15:11:39,392] {manager.py:809} INFO - 
================================================================================
DAG File Processing Stats

File Path                         PID    Runtime      # DAGs    # Errors  Last Runtime    Last Run
--------------------------------  -----  ---------  --------  ----------  --------------  -------------------
/opt/airflow/dags/project_dag.py                           1           0  0.48s           2022-07-13T15:11:36
================================================================================
[2022-07-13 15:12:10,014] {manager.py:809} INFO - 
================================================================================
DAG File Processing Stats

File Path                         PID    Runtime      # DAGs    # Errors  Last Runtime    Last Run
--------------------------------  -----  ---------  --------  ----------  --------------  -------------------
/opt/airflow/dags/project_dag.py                           1           0  0.53s           2022-07-13T15:12:07
================================================================================
[2022-07-13 15:12:40,105] {manager.py:809} INFO - 
================================================================================
DAG File Processing Stats

File Path                         PID    Runtime      # DAGs    # Errors  Last Runtime    Last Run
--------------------------------  -----  ---------  --------  ----------  --------------  -------------------
/opt/airflow/dags/project_dag.py                           1           0  0.49s           2022-07-13T15:12:37
================================================================================
[2022-07-13 15:13:10,209] {manager.py:809} INFO - 
================================================================================
DAG File Processing Stats

File Path                         PID    Runtime      # DAGs    # Errors  Last Runtime    Last Run
--------------------------------  -----  ---------  --------  ----------  --------------  -------------------
/opt/airflow/dags/project_dag.py                           1           0  0.52s           2022-07-13T15:13:08
================================================================================
[2022-07-13 15:13:40,337] {manager.py:809} INFO - 
================================================================================
DAG File Processing Stats

File Path                         PID    Runtime      # DAGs    # Errors  Last Runtime    Last Run
--------------------------------  -----  ---------  --------  ----------  --------------  -------------------
/opt/airflow/dags/project_dag.py                           0           1  0.08s           2022-07-13T15:13:30
================================================================================
[2022-07-13 15:14:10,508] {manager.py:809} INFO - 
================================================================================
DAG File Processing Stats

File Path                         PID    Runtime      # DAGs    # Errors  Last Runtime    Last Run
--------------------------------  -----  ---------  --------  ----------  --------------  -------------------
/opt/airflow/dags/project_dag.py                           0           1  0.07s           2022-07-13T15:14:00
================================================================================
[2022-07-13 15:14:40,656] {manager.py:809} INFO - 
================================================================================
DAG File Processing Stats

File Path                         PID    Runtime      # DAGs    # Errors  Last Runtime    Last Run
--------------------------------  -----  ---------  --------  ----------  --------------  -------------------
/opt/airflow/dags/project_dag.py                           1           0  0.48s           2022-07-13T15:14:30
================================================================================
[2022-07-13 15:15:10,700] {manager.py:809} INFO - 
================================================================================
DAG File Processing Stats

File Path                         PID    Runtime      # DAGs    # Errors  Last Runtime    Last Run
--------------------------------  -----  ---------  --------  ----------  --------------  -------------------
/opt/airflow/dags/project_dag.py                           1           0  0.46s           2022-07-13T15:15:06
================================================================================
[2022-07-13 15:15:31,371] {manager.py:690} INFO - Searching for files in /opt/airflow/dags
[2022-07-13 15:15:31,386] {manager.py:693} INFO - There are 1 files in /opt/airflow/dags
[2022-07-13 15:15:40,958] {manager.py:809} INFO - 
================================================================================
DAG File Processing Stats

File Path                         PID    Runtime      # DAGs    # Errors  Last Runtime    Last Run
--------------------------------  -----  ---------  --------  ----------  --------------  -------------------
/opt/airflow/dags/project_dag.py                           1           0  0.48s           2022-07-13T15:15:33
================================================================================
[2022-07-13 15:16:10,977] {manager.py:809} INFO - 
================================================================================
DAG File Processing Stats

File Path                         PID    Runtime      # DAGs    # Errors  Last Runtime    Last Run
--------------------------------  -----  ---------  --------  ----------  --------------  -------------------
/opt/airflow/dags/project_dag.py                           1           0  0.46s           2022-07-13T15:16:03
================================================================================
[2022-07-13 15:16:41,091] {manager.py:809} INFO - 
================================================================================
DAG File Processing Stats

File Path                         PID    Runtime      # DAGs    # Errors  Last Runtime    Last Run
--------------------------------  -----  ---------  --------  ----------  --------------  -------------------
/opt/airflow/dags/project_dag.py                           1           0  0.46s           2022-07-13T15:16:34
================================================================================
[2022-07-13 15:17:11,083] {manager.py:809} INFO - 
================================================================================
DAG File Processing Stats

File Path                         PID    Runtime      # DAGs    # Errors  Last Runtime    Last Run
--------------------------------  -----  ---------  --------  ----------  --------------  -------------------
/opt/airflow/dags/project_dag.py                           1           0  0.45s           2022-07-13T15:17:05
================================================================================
[2022-07-13 15:17:41,219] {manager.py:809} INFO - 
================================================================================
DAG File Processing Stats

File Path                         PID    Runtime      # DAGs    # Errors  Last Runtime    Last Run
--------------------------------  -----  ---------  --------  ----------  --------------  -------------------
/opt/airflow/dags/project_dag.py                           1           0  0.46s           2022-07-13T15:17:35
================================================================================
[2022-07-13 15:18:11,217] {manager.py:809} INFO - 
================================================================================
DAG File Processing Stats

File Path                         PID    Runtime      # DAGs    # Errors  Last Runtime    Last Run
--------------------------------  -----  ---------  --------  ----------  --------------  -------------------
/opt/airflow/dags/project_dag.py                           1           0  0.45s           2022-07-13T15:18:06
================================================================================
[2022-07-13 15:20:08,910] {manager.py:809} INFO - 
================================================================================
DAG File Processing Stats

File Path                           PID  Runtime      # DAGs    # Errors  Last Runtime    Last Run
--------------------------------  -----  ---------  --------  ----------  --------------  -------------------
/opt/airflow/dags/project_dag.py   2575  0.03s             1           0  0.45s           2022-07-13T15:18:06
================================================================================
[2022-07-13 15:20:31,618] {manager.py:690} INFO - Searching for files in /opt/airflow/dags
[2022-07-13 15:20:31,627] {manager.py:693} INFO - There are 1 files in /opt/airflow/dags
[2022-07-13 15:20:39,161] {manager.py:809} INFO - 
================================================================================
DAG File Processing Stats

File Path                         PID    Runtime      # DAGs    # Errors  Last Runtime    Last Run
--------------------------------  -----  ---------  --------  ----------  --------------  -------------------
/opt/airflow/dags/project_dag.py                           0           1  0.06s           2022-07-13T15:20:36
================================================================================
[2022-07-13 15:21:09,872] {manager.py:809} INFO - 
================================================================================
DAG File Processing Stats

File Path                         PID    Runtime      # DAGs    # Errors  Last Runtime    Last Run
--------------------------------  -----  ---------  --------  ----------  --------------  -------------------
/opt/airflow/dags/project_dag.py                           0           1  0.09s           2022-07-13T15:21:06
================================================================================
[2022-07-13 15:21:40,457] {manager.py:809} INFO - 
================================================================================
DAG File Processing Stats

File Path                         PID    Runtime      # DAGs    # Errors  Last Runtime    Last Run
--------------------------------  -----  ---------  --------  ----------  --------------  -------------------
/opt/airflow/dags/project_dag.py                           1           0  0.51s           2022-07-13T15:21:37
================================================================================
[2022-07-13 15:22:10,609] {manager.py:809} INFO - 
================================================================================
DAG File Processing Stats

File Path                         PID    Runtime      # DAGs    # Errors  Last Runtime    Last Run
--------------------------------  -----  ---------  --------  ----------  --------------  -------------------
/opt/airflow/dags/project_dag.py                           1           0  0.52s           2022-07-13T15:22:08
================================================================================
[2022-07-13 15:22:40,700] {manager.py:809} INFO - 
================================================================================
DAG File Processing Stats

File Path                         PID    Runtime      # DAGs    # Errors  Last Runtime    Last Run
--------------------------------  -----  ---------  --------  ----------  --------------  -------------------
/opt/airflow/dags/project_dag.py                           1           0  0.57s           2022-07-13T15:22:38
================================================================================
[2022-07-13 15:23:10,843] {manager.py:809} INFO - 
================================================================================
DAG File Processing Stats

File Path                         PID    Runtime      # DAGs    # Errors  Last Runtime    Last Run
--------------------------------  -----  ---------  --------  ----------  --------------  -------------------
/opt/airflow/dags/project_dag.py                           1           0  0.58s           2022-07-13T15:23:09
================================================================================
[2022-07-13 15:23:40,998] {manager.py:809} INFO - 
================================================================================
DAG File Processing Stats

File Path                         PID    Runtime      # DAGs    # Errors  Last Runtime    Last Run
--------------------------------  -----  ---------  --------  ----------  --------------  -------------------
/opt/airflow/dags/project_dag.py                           1           0  0.58s           2022-07-13T15:23:22
================================================================================
[2022-07-13 15:24:11,107] {manager.py:809} INFO - 
================================================================================
DAG File Processing Stats

File Path                         PID    Runtime      # DAGs    # Errors  Last Runtime    Last Run
--------------------------------  -----  ---------  --------  ----------  --------------  -------------------
/opt/airflow/dags/project_dag.py                           1           0  0.53s           2022-07-13T15:23:53
================================================================================
[2022-07-13 15:24:41,266] {manager.py:809} INFO - 
================================================================================
DAG File Processing Stats

File Path                         PID    Runtime      # DAGs    # Errors  Last Runtime    Last Run
--------------------------------  -----  ---------  --------  ----------  --------------  -------------------
/opt/airflow/dags/project_dag.py                           1           0  0.52s           2022-07-13T15:24:23
================================================================================
[2022-07-13 15:25:10,398] {manager.py:511} INFO - DAG project_dag_v1 is missing and will be deactivated.
[2022-07-13 15:25:10,406] {manager.py:521} INFO - Deactivated 1 DAGs which are no longer present in file.
[2022-07-13 15:25:11,416] {manager.py:809} INFO - 
================================================================================
DAG File Processing Stats

File Path                         PID    Runtime      # DAGs    # Errors  Last Runtime    Last Run
--------------------------------  -----  ---------  --------  ----------  --------------  -------------------
/opt/airflow/dags/project_dag.py                           1           0  0.55s           2022-07-13T15:24:54
================================================================================
[2022-07-13 15:25:31,965] {manager.py:690} INFO - Searching for files in /opt/airflow/dags
[2022-07-13 15:25:31,987] {manager.py:693} INFO - There are 1 files in /opt/airflow/dags
[2022-07-13 15:25:41,551] {manager.py:809} INFO - 
================================================================================
DAG File Processing Stats

File Path                         PID    Runtime      # DAGs    # Errors  Last Runtime    Last Run
--------------------------------  -----  ---------  --------  ----------  --------------  -------------------
/opt/airflow/dags/project_dag.py                           1           0  0.44s           2022-07-13T15:25:24
================================================================================
[2022-07-13 15:26:11,667] {manager.py:809} INFO - 
================================================================================
DAG File Processing Stats

File Path                         PID    Runtime      # DAGs    # Errors  Last Runtime    Last Run
--------------------------------  -----  ---------  --------  ----------  --------------  -------------------
/opt/airflow/dags/project_dag.py                           1           0  0.53s           2022-07-13T15:25:55
================================================================================
[2022-07-13 15:26:42,271] {manager.py:809} INFO - 
================================================================================
DAG File Processing Stats

File Path                         PID    Runtime      # DAGs    # Errors  Last Runtime    Last Run
--------------------------------  -----  ---------  --------  ----------  --------------  -------------------
/opt/airflow/dags/project_dag.py                           1           0  0.57s           2022-07-13T15:26:26
================================================================================
[2022-07-13 15:27:12,611] {manager.py:809} INFO - 
================================================================================
DAG File Processing Stats

File Path                         PID    Runtime      # DAGs    # Errors  Last Runtime    Last Run
--------------------------------  -----  ---------  --------  ----------  --------------  -------------------
/opt/airflow/dags/project_dag.py                           0           1  0.08s           2022-07-13T15:27:10
================================================================================
[2022-07-13 15:27:42,901] {manager.py:809} INFO - 
================================================================================
DAG File Processing Stats

File Path                         PID    Runtime      # DAGs    # Errors  Last Runtime    Last Run
--------------------------------  -----  ---------  --------  ----------  --------------  -------------------
/opt/airflow/dags/project_dag.py                           1           0  0.54s           2022-07-13T15:27:39
================================================================================
[2022-07-13 15:28:13,008] {manager.py:809} INFO - 
================================================================================
DAG File Processing Stats

File Path                         PID    Runtime      # DAGs    # Errors  Last Runtime    Last Run
--------------------------------  -----  ---------  --------  ----------  --------------  -------------------
/opt/airflow/dags/project_dag.py                           0           1  0.08s           2022-07-13T15:28:10
================================================================================
[2022-07-13 15:28:43,634] {manager.py:809} INFO - 
================================================================================
DAG File Processing Stats

File Path                         PID    Runtime      # DAGs    # Errors  Last Runtime    Last Run
--------------------------------  -----  ---------  --------  ----------  --------------  -------------------
/opt/airflow/dags/project_dag.py                           1           0  0.55s           2022-07-13T15:28:42
================================================================================
[2022-07-13 15:29:13,784] {manager.py:809} INFO - 
================================================================================
DAG File Processing Stats

File Path                         PID    Runtime      # DAGs    # Errors  Last Runtime    Last Run
--------------------------------  -----  ---------  --------  ----------  --------------  -------------------
/opt/airflow/dags/project_dag.py                           0           1  0.11s           2022-07-13T15:28:57
================================================================================
[2022-07-13 15:29:44,437] {manager.py:809} INFO - 
================================================================================
DAG File Processing Stats

File Path                         PID    Runtime      # DAGs    # Errors  Last Runtime    Last Run
--------------------------------  -----  ---------  --------  ----------  --------------  -------------------
/opt/airflow/dags/project_dag.py                           0           1  0.07s           2022-07-13T15:29:42
================================================================================
[2022-07-13 15:30:15,123] {manager.py:809} INFO - 
================================================================================
DAG File Processing Stats

File Path                         PID    Runtime      # DAGs    # Errors  Last Runtime    Last Run
--------------------------------  -----  ---------  --------  ----------  --------------  -------------------
/opt/airflow/dags/project_dag.py                           1           0  0.66s           2022-07-13T15:30:00
================================================================================
[2022-07-13 15:30:32,285] {manager.py:690} INFO - Searching for files in /opt/airflow/dags
[2022-07-13 15:30:32,296] {manager.py:693} INFO - There are 1 files in /opt/airflow/dags
[2022-07-13 15:30:45,346] {manager.py:809} INFO - 
================================================================================
DAG File Processing Stats

File Path                         PID    Runtime      # DAGs    # Errors  Last Runtime    Last Run
--------------------------------  -----  ---------  --------  ----------  --------------  -------------------
/opt/airflow/dags/project_dag.py                           1           0  0.45s           2022-07-13T15:30:30
================================================================================
[2022-07-13 15:31:13,327] {manager.py:511} INFO - DAG project_dag_v2 is missing and will be deactivated.
[2022-07-13 15:31:13,340] {manager.py:521} INFO - Deactivated 1 DAGs which are no longer present in file.
[2022-07-13 15:31:15,358] {manager.py:809} INFO - 
================================================================================
DAG File Processing Stats

File Path                         PID    Runtime      # DAGs    # Errors  Last Runtime    Last Run
--------------------------------  -----  ---------  --------  ----------  --------------  -------------------
/opt/airflow/dags/project_dag.py                           1           0  0.50s           2022-07-13T15:31:01
================================================================================
[2022-07-13 15:31:45,919] {manager.py:809} INFO - 
================================================================================
DAG File Processing Stats

File Path                         PID    Runtime      # DAGs    # Errors  Last Runtime    Last Run
--------------------------------  -----  ---------  --------  ----------  --------------  -------------------
/opt/airflow/dags/project_dag.py                           1           0  0.48s           2022-07-13T15:31:31
================================================================================
[2022-07-13 15:32:16,055] {manager.py:809} INFO - 
================================================================================
DAG File Processing Stats

File Path                         PID    Runtime      # DAGs    # Errors  Last Runtime    Last Run
--------------------------------  -----  ---------  --------  ----------  --------------  -------------------
/opt/airflow/dags/project_dag.py                           1           0  0.55s           2022-07-13T15:32:02
================================================================================
[2022-07-13 15:32:46,154] {manager.py:809} INFO - 
================================================================================
DAG File Processing Stats

File Path                         PID    Runtime      # DAGs    # Errors  Last Runtime    Last Run
--------------------------------  -----  ---------  --------  ----------  --------------  -------------------
/opt/airflow/dags/project_dag.py                           1           0  0.49s           2022-07-13T15:32:33
================================================================================
[2022-07-13 15:33:16,272] {manager.py:809} INFO - 
================================================================================
DAG File Processing Stats

File Path                         PID    Runtime      # DAGs    # Errors  Last Runtime    Last Run
--------------------------------  -----  ---------  --------  ----------  --------------  -------------------
/opt/airflow/dags/project_dag.py                           1           0  0.48s           2022-07-13T15:33:03
================================================================================
[2022-07-13 15:33:46,347] {manager.py:809} INFO - 
================================================================================
DAG File Processing Stats

File Path                         PID    Runtime      # DAGs    # Errors  Last Runtime    Last Run
--------------------------------  -----  ---------  --------  ----------  --------------  -------------------
/opt/airflow/dags/project_dag.py                           1           0  0.50s           2022-07-13T15:33:34
================================================================================
[2022-07-13 15:34:16,948] {manager.py:809} INFO - 
================================================================================
DAG File Processing Stats

File Path                         PID    Runtime      # DAGs    # Errors  Last Runtime    Last Run
--------------------------------  -----  ---------  --------  ----------  --------------  -------------------
/opt/airflow/dags/project_dag.py                           1           0  0.57s           2022-07-13T15:34:04
================================================================================
[2022-07-13 15:34:47,086] {manager.py:809} INFO - 
================================================================================
DAG File Processing Stats

File Path                         PID    Runtime      # DAGs    # Errors  Last Runtime    Last Run
--------------------------------  -----  ---------  --------  ----------  --------------  -------------------
/opt/airflow/dags/project_dag.py                           1           0  0.51s           2022-07-13T15:34:35
================================================================================
[2022-07-13 15:35:17,210] {manager.py:809} INFO - 
================================================================================
DAG File Processing Stats

File Path                         PID    Runtime      # DAGs    # Errors  Last Runtime    Last Run
--------------------------------  -----  ---------  --------  ----------  --------------  -------------------
/opt/airflow/dags/project_dag.py                           1           0  0.54s           2022-07-13T15:35:06
================================================================================
[2022-07-13 15:35:33,266] {manager.py:690} INFO - Searching for files in /opt/airflow/dags
[2022-07-13 15:35:33,275] {manager.py:693} INFO - There are 1 files in /opt/airflow/dags
