[2022-07-13 14:49:18,510] {taskinstance.py:1179} INFO - Dependencies all met for <TaskInstance: project_dag_v1.get_data_from_url manual__2022-07-13T14:49:17.514606+00:00 [queued]>
[2022-07-13 14:49:18,520] {taskinstance.py:1179} INFO - Dependencies all met for <TaskInstance: project_dag_v1.get_data_from_url manual__2022-07-13T14:49:17.514606+00:00 [queued]>
[2022-07-13 14:49:18,521] {taskinstance.py:1376} INFO - 
--------------------------------------------------------------------------------
[2022-07-13 14:49:18,521] {taskinstance.py:1377} INFO - Starting attempt 1 of 6
[2022-07-13 14:49:18,522] {taskinstance.py:1378} INFO - 
--------------------------------------------------------------------------------
[2022-07-13 14:49:18,536] {taskinstance.py:1397} INFO - Executing <Task(PythonOperator): get_data_from_url> on 2022-07-13 14:49:17.514606+00:00
[2022-07-13 14:49:18,541] {standard_task_runner.py:52} INFO - Started process 767 to run task
[2022-07-13 14:49:18,544] {standard_task_runner.py:79} INFO - Running: ['***', 'tasks', 'run', 'project_dag_v1', 'get_data_from_url', 'manual__2022-07-13T14:49:17.514606+00:00', '--job-id', '76', '--raw', '--subdir', 'DAGS_FOLDER/project_dag.py', '--cfg-path', '/tmp/tmpv8ldfkvo', '--error-file', '/tmp/tmp9pc8tfz7']
[2022-07-13 14:49:18,546] {standard_task_runner.py:80} INFO - Job 76: Subtask get_data_from_url
[2022-07-13 14:49:18,621] {task_command.py:371} INFO - Running <TaskInstance: project_dag_v1.get_data_from_url manual__2022-07-13T14:49:17.514606+00:00 [running]> on host 3bcedaf5b66b
[2022-07-13 14:49:18,698] {taskinstance.py:1591} INFO - Exporting the following env vars:
AIRFLOW_CTX_DAG_OWNER=harshab
AIRFLOW_CTX_DAG_ID=project_dag_v1
AIRFLOW_CTX_TASK_ID=get_data_from_url
AIRFLOW_CTX_EXECUTION_DATE=2022-07-13T14:49:17.514606+00:00
AIRFLOW_CTX_TRY_NUMBER=1
AIRFLOW_CTX_DAG_RUN_ID=manual__2022-07-13T14:49:17.514606+00:00
[2022-07-13 14:49:19,192] {logging_mixin.py:115} INFO -          Date      Open      High       Low     Close   Volume
0  2022-07-12  140.8400  141.5500  138.5650  139.1800  3235571
1  2022-07-11  140.6200  141.8700  140.1300  141.0000  3912773
2  2022-07-08  140.7600  141.3203  139.8200  140.4700  2820928
3  2022-07-07  138.9100  141.3250  138.8300  140.8300  3897077
4  2022-07-06  138.0000  139.1400  137.1300  138.0800  3237059
[2022-07-13 14:49:19,194] {python.py:173} INFO - Done. Returned value was: None
[2022-07-13 14:49:19,208] {taskinstance.py:1420} INFO - Marking task as SUCCESS. dag_id=project_dag_v1, task_id=get_data_from_url, execution_date=20220713T144917, start_date=20220713T144918, end_date=20220713T144919
[2022-07-13 14:49:19,260] {local_task_job.py:156} INFO - Task exited with return code 0
[2022-07-13 14:49:19,311] {local_task_job.py:273} INFO - 0 downstream tasks scheduled from follow-on schedule check
