[2022-07-14 01:10:32,938] {taskinstance.py:1179} INFO - Dependencies all met for <TaskInstance: project_dag_v3.get_data_from_url scheduled__2022-07-13T00:00:00+00:00 [queued]>
[2022-07-14 01:10:32,950] {taskinstance.py:1179} INFO - Dependencies all met for <TaskInstance: project_dag_v3.get_data_from_url scheduled__2022-07-13T00:00:00+00:00 [queued]>
[2022-07-14 01:10:32,956] {taskinstance.py:1376} INFO - 
--------------------------------------------------------------------------------
[2022-07-14 01:10:32,957] {taskinstance.py:1377} INFO - Starting attempt 1 of 6
[2022-07-14 01:10:32,959] {taskinstance.py:1378} INFO - 
--------------------------------------------------------------------------------
[2022-07-14 01:10:32,996] {taskinstance.py:1397} INFO - Executing <Task(PythonOperator): get_data_from_url> on 2022-07-13 00:00:00+00:00
[2022-07-14 01:10:33,003] {standard_task_runner.py:52} INFO - Started process 9640 to run task
[2022-07-14 01:10:33,008] {standard_task_runner.py:79} INFO - Running: ['***', 'tasks', 'run', 'project_dag_v3', 'get_data_from_url', 'scheduled__2022-07-13T00:00:00+00:00', '--job-id', '92', '--raw', '--subdir', 'DAGS_FOLDER/project_dag.py', '--cfg-path', '/tmp/tmp3zms37zv', '--error-file', '/tmp/tmpka_9ongu']
[2022-07-14 01:10:33,012] {standard_task_runner.py:80} INFO - Job 92: Subtask get_data_from_url
[2022-07-14 01:10:33,121] {task_command.py:371} INFO - Running <TaskInstance: project_dag_v3.get_data_from_url scheduled__2022-07-13T00:00:00+00:00 [running]> on host 3bcedaf5b66b
[2022-07-14 01:10:33,228] {taskinstance.py:1591} INFO - Exporting the following env vars:
AIRFLOW_CTX_DAG_OWNER=harshab
AIRFLOW_CTX_DAG_ID=project_dag_v3
AIRFLOW_CTX_TASK_ID=get_data_from_url
AIRFLOW_CTX_EXECUTION_DATE=2022-07-13T00:00:00+00:00
AIRFLOW_CTX_TRY_NUMBER=1
AIRFLOW_CTX_DAG_RUN_ID=scheduled__2022-07-13T00:00:00+00:00
[2022-07-14 01:10:33,817] {logging_mixin.py:115} INFO -          Date      Open      High       Low     Close   Volume
0  2022-07-13  137.1800  138.9000  136.8000  137.1800  3927301
1  2022-07-12  140.8400  141.5500  138.5650  139.1800  3235571
2  2022-07-11  140.6200  141.8700  140.1300  141.0000  3912773
3  2022-07-08  140.7600  141.3203  139.8200  140.4700  2820928
4  2022-07-07  138.9100  141.3250  138.8300  140.8300  3897077
[2022-07-14 01:10:33,843] {python.py:173} INFO - Done. Returned value was: None
[2022-07-14 01:10:33,859] {taskinstance.py:1420} INFO - Marking task as SUCCESS. dag_id=project_dag_v3, task_id=get_data_from_url, execution_date=20220713T000000, start_date=20220714T011032, end_date=20220714T011033
[2022-07-14 01:10:33,888] {local_task_job.py:156} INFO - Task exited with return code 0
[2022-07-14 01:10:33,929] {local_task_job.py:273} INFO - 1 downstream tasks scheduled from follow-on schedule check
